{"/Users/yuyin/Documents/DSH/dsh-nightcity/packages/client/ui-nightcity-debate/src/css-modules.d.ts": {"path":"/Users/yuyin/Documents/DSH/dsh-nightcity/packages/client/ui-nightcity-debate/src/css-modules.d.ts","statementMap":{},"fnMap":{},"branchMap":{},"s":{},"f":{},"b":{},"meta":{"lastBranch":0,"lastFunction":0,"lastStatement":0,"seen":{},"fnNames":{}}}
,"/Users/yuyin/Documents/DSH/dsh-nightcity/packages/client/ui-nightcity-debate/src/index.ts": {"path":"/Users/yuyin/Documents/DSH/dsh-nightcity/packages/client/ui-nightcity-debate/src/index.ts","statementMap":{},"fnMap":{"0":{"name":"apply","decl":{"start":{"line":6,"column":16},"end":{"line":6,"column":30}},"loc":{"start":{"line":6,"column":30},"end":{"line":6,"column":null}},"line":6}},"branchMap":{},"s":{},"f":{"0":1},"b":{},"meta":{"lastBranch":0,"lastFunction":1,"lastStatement":0,"seen":{"f:6:16:6:30":0},"fnNames":{}}}
,"/Users/yuyin/Documents/DSH/dsh-nightcity/packages/client/ui-nightcity-debate/src/invariant.ts": {"path":"/Users/yuyin/Documents/DSH/dsh-nightcity/packages/client/ui-nightcity-debate/src/invariant.ts","statementMap":{"0":{"start":{"line":10,"column":21},"end":{"line":10,"column":null}},"1":{"start":{"line":13,"column":20},"end":{"line":13,"column":null}},"2":{"start":{"line":15,"column":22},"end":{"line":15,"column":null}},"3":{"start":{"line":21,"column":6},"end":{"line":21,"column":null}},"4":{"start":{"line":28,"column":13},"end":{"line":29,"column":null}},"5":{"start":{"line":29,"column":2},"end":{"line":29,"column":null}}},"fnMap":{"0":{"name":"(anonymous_0)","decl":{"start":{"line":21,"column":6},"end":{"line":21,"column":42}},"loc":{"start":{"line":21,"column":42},"end":{"line":21,"column":null}},"line":21},"1":{"name":"(anonymous_1)","decl":{"start":{"line":28,"column":13},"end":{"line":28,"column":22}},"loc":{"start":{"line":29,"column":2},"end":{"line":29,"column":null}},"line":29}},"branchMap":{},"s":{"0":2,"1":2,"2":2,"3":2,"4":2,"5":3},"f":{"0":3,"1":3},"b":{},"meta":{"lastBranch":0,"lastFunction":2,"lastStatement":6,"seen":{"s:10:21:10:Infinity":0,"s:13:20:13:Infinity":1,"s:15:22:15:Infinity":2,"s:21:6:21:Infinity":3,"f:21:6:21:42":0,"s:28:13:29:Infinity":4,"f:28:13:28:22":1,"s:29:2:29:Infinity":5},"fnNames":{}}}
,"/Users/yuyin/Documents/DSH/dsh-nightcity/packages/client/ui-nightcity-debate/src/client/DebateView.module.css": {"path":"/Users/yuyin/Documents/DSH/dsh-nightcity/packages/client/ui-nightcity-debate/src/client/DebateView.module.css","statementMap":{},"fnMap":{},"branchMap":{},"s":{},"f":{},"b":{},"meta":{"lastBranch":0,"lastFunction":0,"lastStatement":0,"seen":{},"fnNames":{}}}
,"/Users/yuyin/Documents/DSH/dsh-nightcity/packages/client/ui-nightcity-debate/src/client/DebateView.tsx": {"path":"/Users/yuyin/Documents/DSH/dsh-nightcity/packages/client/ui-nightcity-debate/src/client/DebateView.tsx","statementMap":{"0":{"start":{"line":23,"column":16},"end":{"line":23,"column":null}},"1":{"start":{"line":23,"column":38},"end":{"line":23,"column":45}},"2":{"start":{"line":24,"column":8},"end":{"line":24,"column":null}},"3":{"start":{"line":24,"column":16},"end":{"line":24,"column":67}},"4":{"start":{"line":25,"column":2},"end":{"line":58,"column":null}},"5":{"start":{"line":46,"column":16},"end":{"line":50,"column":null}},"6":{"start":{"line":64,"column":2},"end":{"line":68,"column":null}},"7":{"start":{"line":84,"column":26},"end":{"line":84,"column":null}},"8":{"start":{"line":85,"column":2},"end":{"line":91,"column":null}},"9":{"start":{"line":86,"column":22},"end":{"line":86,"column":null}},"10":{"start":{"line":87,"column":4},"end":{"line":87,"column":null}},"11":{"start":{"line":87,"column":74},"end":{"line":87,"column":null}},"12":{"start":{"line":88,"column":4},"end":{"line":90,"column":null}},"13":{"start":{"line":89,"column":6},"end":{"line":89,"column":null}},"14":{"start":{"line":89,"column":82},"end":{"line":89,"column":null}},"15":{"start":{"line":92,"column":2},"end":{"line":92,"column":null}}},"fnMap":{"0":{"name":"DebateView","decl":{"start":{"line":22,"column":16},"end":{"line":22,"column":27}},"loc":{"start":{"line":22,"column":65},"end":{"line":60,"column":null}},"line":22},"1":{"name":"(anonymous_1)","decl":{"start":{"line":23,"column":22},"end":{"line":23,"column":33}},"loc":{"start":{"line":23,"column":38},"end":{"line":23,"column":45}},"line":23},"2":{"name":"(anonymous_2)","decl":{"start":{"line":24,"column":16},"end":{"line":24,"column":30}},"loc":{"start":{"line":24,"column":16},"end":{"line":24,"column":67}},"line":24},"3":{"name":"(anonymous_3)","decl":{"start":{"line":45,"column":28},"end":{"line":45,"column":32}},"loc":{"start":{"line":46,"column":16},"end":{"line":50,"column":null}},"line":46},"4":{"name":"SideCard","decl":{"start":{"line":63,"column":9},"end":{"line":63,"column":18}},"loc":{"start":{"line":63,"column":131},"end":{"line":70,"column":null}},"line":63},"5":{"name":"assistantTexts","decl":{"start":{"line":83,"column":9},"end":{"line":83,"column":24}},"loc":{"start":{"line":83,"column":70},"end":{"line":93,"column":null}},"line":83}},"branchMap":{"0":{"loc":{"start":{"line":27,"column":7},"end":{"line":30,"column":13}},"type":"binary-expr","locations":[{"start":{"line":27,"column":7},"end":{"line":27,"column":null}},{"start":{"line":28,"column":8},"end":{"line":30,"column":13}}],"line":27},"1":{"loc":{"start":{"line":30,"column":7},"end":{"line":58,"column":null}},"type":"cond-expr","locations":[{"start":{"line":32,"column":10},"end":{"line":38,"column":null}},{"start":{"line":38,"column":10},"end":{"line":58,"column":null}}],"line":30},"2":{"loc":{"start":{"line":30,"column":7},"end":{"line":30,"column":null}},"type":"binary-expr","locations":[{"start":{"line":30,"column":7},"end":{"line":30,"column":36}},{"start":{"line":30,"column":36},"end":{"line":30,"column":null}}],"line":30},"3":{"loc":{"start":{"line":48,"column":50},"end":{"line":48,"column":73}},"type":"binary-expr","locations":[{"start":{"line":48,"column":50},"end":{"line":48,"column":63}},{"start":{"line":48,"column":63},"end":{"line":48,"column":73}}],"line":48},"4":{"loc":{"start":{"line":49,"column":50},"end":{"line":49,"column":73}},"type":"binary-expr","locations":[{"start":{"line":49,"column":50},"end":{"line":49,"column":63}},{"start":{"line":49,"column":63},"end":{"line":49,"column":73}}],"line":49},"5":{"loc":{"start":{"line":53,"column":13},"end":{"line":54,"column":null}},"type":"binary-expr","locations":[{"start":{"line":53,"column":13},"end":{"line":53,"column":null}},{"start":{"line":54,"column":14},"end":{"line":54,"column":null}}],"line":53},"6":{"loc":{"start":{"line":65,"column":20},"end":{"line":65,"column":null}},"type":"cond-expr","locations":[{"start":{"line":65,"column":39},"end":{"line":65,"column":70}},{"start":{"line":65,"column":70},"end":{"line":65,"column":null}}],"line":65},"7":{"loc":{"start":{"line":67,"column":38},"end":{"line":67,"column":56}},"type":"binary-expr","locations":[{"start":{"line":67,"column":38},"end":{"line":67,"column":49}},{"start":{"line":67,"column":49},"end":{"line":67,"column":56}}],"line":67},"8":{"loc":{"start":{"line":87,"column":4},"end":{"line":87,"column":null}},"type":"if","locations":[{"start":{"line":87,"column":4},"end":{"line":87,"column":null}},{"start":{},"end":{}}],"line":87},"9":{"loc":{"start":{"line":87,"column":8},"end":{"line":87,"column":74}},"type":"binary-expr","locations":[{"start":{"line":87,"column":8},"end":{"line":87,"column":42}},{"start":{"line":87,"column":42},"end":{"line":87,"column":74}}],"line":87},"10":{"loc":{"start":{"line":89,"column":6},"end":{"line":89,"column":null}},"type":"if","locations":[{"start":{"line":89,"column":6},"end":{"line":89,"column":null}},{"start":{},"end":{}}],"line":89},"11":{"loc":{"start":{"line":89,"column":10},"end":{"line":89,"column":82}},"type":"binary-expr","locations":[{"start":{"line":89,"column":10},"end":{"line":89,"column":35}},{"start":{"line":89,"column":35},"end":{"line":89,"column":63}},{"start":{"line":89,"column":63},"end":{"line":89,"column":82}}],"line":89}},"s":{"0":4,"1":10,"2":4,"3":4,"4":4,"5":2,"6":4,"7":4,"8":4,"9":5,"10":5,"11":1,"12":4,"13":4,"14":3,"15":4},"f":{"0":4,"1":10,"2":4,"3":2,"4":4,"5":4},"b":{"0":[4,1],"1":[2,2],"2":[4,2],"3":[2,0],"4":[2,1],"5":[2,0],"6":[2,2],"7":[4,1],"8":[1,4],"9":[5,4],"10":[3,1],"11":[4,3,3]},"meta":{"lastBranch":12,"lastFunction":6,"lastStatement":16,"seen":{"f:22:16:22:27":0,"s:23:16:23:Infinity":0,"f:23:22:23:33":1,"s:23:38:23:45":1,"s:24:8:24:Infinity":2,"f:24:16:24:30":2,"s:24:16:24:67":3,"s:25:2:58:Infinity":4,"b:27:7:27:Infinity:28:8:30:13":0,"b:32:10:38:Infinity:38:10:58:Infinity":1,"b:30:7:30:36:30:36:30:Infinity":2,"f:45:28:45:32":3,"s:46:16:50:Infinity":5,"b:48:50:48:63:48:63:48:73":3,"b:49:50:49:63:49:63:49:73":4,"b:53:13:53:Infinity:54:14:54:Infinity":5,"f:63:9:63:18":4,"s:64:2:68:Infinity":6,"b:65:39:65:70:65:70:65:Infinity":6,"b:67:38:67:49:67:49:67:56":7,"f:83:9:83:24":5,"s:84:26:84:Infinity":7,"s:85:2:91:Infinity":8,"s:86:22:86:Infinity":9,"b:87:4:87:Infinity:undefined:undefined:undefined:undefined":8,"s:87:4:87:Infinity":10,"b:87:8:87:42:87:42:87:74":9,"s:87:74:87:Infinity":11,"s:88:4:90:Infinity":12,"b:89:6:89:Infinity:undefined:undefined:undefined:undefined":10,"s:89:6:89:Infinity":13,"b:89:10:89:35:89:35:89:63:89:63:89:82":11,"s:89:82:89:Infinity":14,"s:92:2:92:Infinity":15},"fnNames":{}}}
,"/Users/yuyin/Documents/DSH/dsh-nightcity/packages/client/ui-nightcity-debate/src/client/index.ts": {"path":"/Users/yuyin/Documents/DSH/dsh-nightcity/packages/client/ui-nightcity-debate/src/client/index.ts","statementMap":{"0":{"start":{"line":17,"column":35},"end":{"line":17,"column":null}},"1":{"start":{"line":27,"column":22},"end":{"line":27,"column":null}},"2":{"start":{"line":34,"column":2},"end":{"line":34,"column":null}},"3":{"start":{"line":34,"column":19},"end":{"line":34,"column":73}},"4":{"start":{"line":35,"column":12},"end":{"line":35,"column":null}},"5":{"start":{"line":36,"column":2},"end":{"line":42,"column":null}},"6":{"start":{"line":36,"column":46},"end":{"line":42,"column":16}},"7":{"start":{"line":41,"column":17},"end":{"line":41,"column":null}}},"fnMap":{"0":{"name":"apply","decl":{"start":{"line":33,"column":16},"end":{"line":33,"column":22}},"loc":{"start":{"line":33,"column":48},"end":{"line":43,"column":null}},"line":33},"1":{"name":"(anonymous_1)","decl":{"start":{"line":34,"column":6},"end":{"line":34,"column":19}},"loc":{"start":{"line":34,"column":19},"end":{"line":34,"column":73}},"line":34},"2":{"name":"(anonymous_2)","decl":{"start":{"line":36,"column":19},"end":{"line":36,"column":46}},"loc":{"start":{"line":36,"column":46},"end":{"line":42,"column":16}},"line":36},"3":{"name":"(anonymous_3)","decl":{"start":{"line":41,"column":4},"end":{"line":41,"column":17}},"loc":{"start":{"line":41,"column":17},"end":{"line":41,"column":null}},"line":41}},"branchMap":{},"s":{"0":1,"1":1,"2":2,"3":2,"4":2,"5":2,"6":2,"7":1},"f":{"0":2,"1":2,"2":2,"3":1},"b":{},"meta":{"lastBranch":0,"lastFunction":4,"lastStatement":8,"seen":{"s:17:35:17:Infinity":0,"s:27:22:27:Infinity":1,"f:33:16:33:22":0,"s:34:2:34:Infinity":2,"f:34:6:34:19":1,"s:34:19:34:73":3,"s:35:12:35:Infinity":4,"s:36:2:42:Infinity":5,"f:36:19:36:46":2,"s:36:46:42:16":6,"f:41:4:41:17":3,"s:41:17:41:Infinity":7},"fnNames":{}}}
,"/Users/yuyin/Documents/DSH/dsh-nightcity/packages/client/ui-nightcity-debate/src/client/locales.ts": {"path":"/Users/yuyin/Documents/DSH/dsh-nightcity/packages/client/ui-nightcity-debate/src/client/locales.ts","statementMap":{"0":{"start":{"line":13,"column":54},"end":{"line":22,"column":null}},"1":{"start":{"line":25,"column":54},"end":{"line":34,"column":null}}},"fnMap":{},"branchMap":{},"s":{"0":1,"1":1},"f":{},"b":{},"meta":{"lastBranch":0,"lastFunction":0,"lastStatement":2,"seen":{"s:13:54:22:Infinity":0,"s:25:54:34:Infinity":1},"fnNames":{}}}
,"/Users/yuyin/Documents/DSH/dsh-nightcity/packages/client/ui-nightcity-debate/src/client/markers.ts": {"path":"/Users/yuyin/Documents/DSH/dsh-nightcity/packages/client/ui-nightcity-debate/src/client/markers.ts","statementMap":{"0":{"start":{"line":30,"column":22},"end":{"line":30,"column":null}},"1":{"start":{"line":33,"column":21},"end":{"line":33,"column":null}},"2":{"start":{"line":36,"column":22},"end":{"line":36,"column":null}},"3":{"start":{"line":39,"column":24},"end":{"line":39,"column":null}},"4":{"start":{"line":58,"column":2},"end":{"line":88,"column":null}},"5":{"start":{"line":59,"column":17},"end":{"line":59,"column":null}},"6":{"start":{"line":60,"column":4},"end":{"line":60,"column":null}},"7":{"start":{"line":60,"column":21},"end":{"line":60,"column":null}},"8":{"start":{"line":61,"column":23},"end":{"line":61,"column":null}},"9":{"start":{"line":62,"column":4},"end":{"line":72,"column":null}},"10":{"start":{"line":63,"column":20},"end":{"line":63,"column":null}},"11":{"start":{"line":64,"column":20},"end":{"line":64,"column":null}},"12":{"start":{"line":64,"column":46},"end":{"line":64,"column":66}},"13":{"start":{"line":65,"column":6},"end":{"line":69,"column":null}},"14":{"start":{"line":66,"column":8},"end":{"line":66,"column":null}},"15":{"start":{"line":67,"column":8},"end":{"line":67,"column":null}},"16":{"start":{"line":68,"column":8},"end":{"line":68,"column":null}},"17":{"start":{"line":68,"column":43},"end":{"line":68,"column":67}},"18":{"start":{"line":70,"column":6},"end":{"line":70,"column":null}},"19":{"start":{"line":71,"column":6},"end":{"line":71,"column":null}},"20":{"start":{"line":73,"column":23},"end":{"line":73,"column":null}},"21":{"start":{"line":74,"column":4},"end":{"line":77,"column":null}},"22":{"start":{"line":75,"column":6},"end":{"line":75,"column":null}},"23":{"start":{"line":76,"column":6},"end":{"line":76,"column":null}},"24":{"start":{"line":78,"column":22},"end":{"line":78,"column":null}},"25":{"start":{"line":79,"column":4},"end":{"line":86,"column":null}},"26":{"start":{"line":80,"column":22},"end":{"line":80,"column":null}},"27":{"start":{"line":81,"column":6},"end":{"line":84,"column":null}},"28":{"start":{"line":82,"column":8},"end":{"line":82,"column":null}},"29":{"start":{"line":82,"column":35},"end":{"line":82,"column":null}},"30":{"start":{"line":83,"column":8},"end":{"line":83,"column":null}},"31":{"start":{"line":83,"column":35},"end":{"line":83,"column":null}},"32":{"start":{"line":85,"column":6},"end":{"line":85,"column":null}},"33":{"start":{"line":87,"column":4},"end":{"line":87,"column":null}},"34":{"start":{"line":87,"column":36},"end":{"line":87,"column":null}},"35":{"start":{"line":97,"column":35},"end":{"line":97,"column":null}},"36":{"start":{"line":98,"column":2},"end":{"line":98,"column":null}},"37":{"start":{"line":98,"column":28},"end":{"line":98,"column":null}},"38":{"start":{"line":99,"column":2},"end":{"line":99,"column":null}}},"fnMap":{"0":{"name":"foldText","decl":{"start":{"line":57,"column":9},"end":{"line":57,"column":18}},"loc":{"start":{"line":57,"column":64},"end":{"line":89,"column":null}},"line":57},"1":{"name":"(anonymous_1)","decl":{"start":{"line":64,"column":33},"end":{"line":64,"column":38}},"loc":{"start":{"line":64,"column":46},"end":{"line":64,"column":66}},"line":64},"2":{"name":"(anonymous_2)","decl":{"start":{"line":68,"column":21},"end":{"line":68,"column":27}},"loc":{"start":{"line":68,"column":43},"end":{"line":68,"column":67}},"line":68},"3":{"name":"deriveDebate","decl":{"start":{"line":96,"column":16},"end":{"line":96,"column":29}},"loc":{"start":{"line":96,"column":68},"end":{"line":100,"column":null}},"line":96}},"branchMap":{"0":{"loc":{"start":{"line":60,"column":4},"end":{"line":60,"column":null}},"type":"if","locations":[{"start":{"line":60,"column":4},"end":{"line":60,"column":null}},{"start":{},"end":{}}],"line":60},"1":{"loc":{"start":{"line":62,"column":4},"end":{"line":72,"column":null}},"type":"if","locations":[{"start":{"line":62,"column":4},"end":{"line":72,"column":null}},{"start":{},"end":{}}],"line":62},"2":{"loc":{"start":{"line":65,"column":6},"end":{"line":69,"column":null}},"type":"if","locations":[{"start":{"line":65,"column":6},"end":{"line":69,"column":null}},{"start":{},"end":{}}],"line":65},"3":{"loc":{"start":{"line":74,"column":4},"end":{"line":77,"column":null}},"type":"if","locations":[{"start":{"line":74,"column":4},"end":{"line":77,"column":null}},{"start":{},"end":{}}],"line":74},"4":{"loc":{"start":{"line":79,"column":4},"end":{"line":86,"column":null}},"type":"if","locations":[{"start":{"line":79,"column":4},"end":{"line":86,"column":null}},{"start":{},"end":{}}],"line":79},"5":{"loc":{"start":{"line":81,"column":6},"end":{"line":84,"column":null}},"type":"if","locations":[{"start":{"line":81,"column":6},"end":{"line":84,"column":null}},{"start":{},"end":{}}],"line":81},"6":{"loc":{"start":{"line":81,"column":10},"end":{"line":81,"column":84}},"type":"binary-expr","locations":[{"start":{"line":81,"column":10},"end":{"line":81,"column":35}},{"start":{"line":81,"column":35},"end":{"line":81,"column":53}},{"start":{"line":81,"column":53},"end":{"line":81,"column":84}}],"line":81},"7":{"loc":{"start":{"line":82,"column":8},"end":{"line":82,"column":null}},"type":"if","locations":[{"start":{"line":82,"column":8},"end":{"line":82,"column":null}},{"start":{},"end":{}}],"line":82},"8":{"loc":{"start":{"line":83,"column":8},"end":{"line":83,"column":null}},"type":"if","locations":[{"start":{"line":83,"column":8},"end":{"line":83,"column":null}},{"start":{},"end":{}}],"line":83},"9":{"loc":{"start":{"line":87,"column":4},"end":{"line":87,"column":null}},"type":"if","locations":[{"start":{"line":87,"column":4},"end":{"line":87,"column":null}},{"start":{},"end":{}}],"line":87}},"s":{"0":1,"1":1,"2":1,"3":1,"4":15,"5":30,"6":30,"7":0,"8":30,"9":30,"10":9,"11":9,"12":2,"13":9,"14":8,"15":8,"16":8,"17":1,"18":9,"19":9,"20":21,"21":21,"22":2,"23":2,"24":19,"25":19,"26":15,"27":15,"28":12,"29":6,"30":12,"31":5,"32":15,"33":4,"34":1,"35":10,"36":10,"37":15,"38":10},"f":{"0":15,"1":2,"2":1,"3":10},"b":{"0":[0,30],"1":[9,21],"2":[8,1],"3":[2,19],"4":[15,4],"5":[12,3],"6":[15,15,13],"7":[6,6],"8":[5,7],"9":[1,3]},"meta":{"lastBranch":10,"lastFunction":4,"lastStatement":39,"seen":{"s:30:22:30:Infinity":0,"s:33:21:33:Infinity":1,"s:36:22:36:Infinity":2,"s:39:24:39:Infinity":3,"f:57:9:57:18":0,"s:58:2:88:Infinity":4,"s:59:17:59:Infinity":5,"b:60:4:60:Infinity:undefined:undefined:undefined:undefined":0,"s:60:4:60:Infinity":6,"s:60:21:60:Infinity":7,"s:61:23:61:Infinity":8,"b:62:4:72:Infinity:undefined:undefined:undefined:undefined":1,"s:62:4:72:Infinity":9,"s:63:20:63:Infinity":10,"s:64:20:64:Infinity":11,"f:64:33:64:38":1,"s:64:46:64:66":12,"b:65:6:69:Infinity:undefined:undefined:undefined:undefined":2,"s:65:6:69:Infinity":13,"s:66:8:66:Infinity":14,"s:67:8:67:Infinity":15,"s:68:8:68:Infinity":16,"f:68:21:68:27":2,"s:68:43:68:67":17,"s:70:6:70:Infinity":18,"s:71:6:71:Infinity":19,"s:73:23:73:Infinity":20,"b:74:4:77:Infinity:undefined:undefined:undefined:undefined":3,"s:74:4:77:Infinity":21,"s:75:6:75:Infinity":22,"s:76:6:76:Infinity":23,"s:78:22:78:Infinity":24,"b:79:4:86:Infinity:undefined:undefined:undefined:undefined":4,"s:79:4:86:Infinity":25,"s:80:22:80:Infinity":26,"b:81:6:84:Infinity:undefined:undefined:undefined:undefined":5,"s:81:6:84:Infinity":27,"b:81:10:81:35:81:35:81:53:81:53:81:84":6,"b:82:8:82:Infinity:undefined:undefined:undefined:undefined":7,"s:82:8:82:Infinity":28,"s:82:35:82:Infinity":29,"b:83:8:83:Infinity:undefined:undefined:undefined:undefined":8,"s:83:8:83:Infinity":30,"s:83:35:83:Infinity":31,"s:85:6:85:Infinity":32,"b:87:4:87:Infinity:undefined:undefined:undefined:undefined":9,"s:87:4:87:Infinity":33,"s:87:36:87:Infinity":34,"f:96:16:96:29":3,"s:97:35:97:Infinity":35,"s:98:2:98:Infinity":36,"s:98:28:98:Infinity":37,"s:99:2:99:Infinity":38},"fnNames":{}}}
}
