{"/Users/yuyin/Documents/DSH/dsh-nightcity/packages/client/ui-nightcity-offpeak/src/css-modules.d.ts": {"path":"/Users/yuyin/Documents/DSH/dsh-nightcity/packages/client/ui-nightcity-offpeak/src/css-modules.d.ts","statementMap":{},"fnMap":{},"branchMap":{},"s":{},"f":{},"b":{},"meta":{"lastBranch":0,"lastFunction":0,"lastStatement":0,"seen":{},"fnNames":{}}}
,"/Users/yuyin/Documents/DSH/dsh-nightcity/packages/client/ui-nightcity-offpeak/src/index.ts": {"path":"/Users/yuyin/Documents/DSH/dsh-nightcity/packages/client/ui-nightcity-offpeak/src/index.ts","statementMap":{},"fnMap":{"0":{"name":"apply","decl":{"start":{"line":6,"column":16},"end":{"line":6,"column":30}},"loc":{"start":{"line":6,"column":30},"end":{"line":6,"column":null}},"line":6}},"branchMap":{},"s":{},"f":{"0":1},"b":{},"meta":{"lastBranch":0,"lastFunction":1,"lastStatement":0,"seen":{"f:6:16:6:30":0},"fnNames":{}}}
,"/Users/yuyin/Documents/DSH/dsh-nightcity/packages/client/ui-nightcity-offpeak/src/invariant.ts": {"path":"/Users/yuyin/Documents/DSH/dsh-nightcity/packages/client/ui-nightcity-offpeak/src/invariant.ts","statementMap":{"0":{"start":{"line":10,"column":21},"end":{"line":10,"column":null}},"1":{"start":{"line":13,"column":20},"end":{"line":13,"column":null}},"2":{"start":{"line":15,"column":22},"end":{"line":15,"column":null}},"3":{"start":{"line":21,"column":6},"end":{"line":21,"column":null}},"4":{"start":{"line":28,"column":13},"end":{"line":29,"column":null}},"5":{"start":{"line":29,"column":2},"end":{"line":29,"column":null}}},"fnMap":{"0":{"name":"(anonymous_0)","decl":{"start":{"line":21,"column":6},"end":{"line":21,"column":42}},"loc":{"start":{"line":21,"column":42},"end":{"line":21,"column":null}},"line":21},"1":{"name":"(anonymous_1)","decl":{"start":{"line":28,"column":13},"end":{"line":28,"column":22}},"loc":{"start":{"line":29,"column":2},"end":{"line":29,"column":null}},"line":29}},"branchMap":{},"s":{"0":2,"1":2,"2":2,"3":2,"4":2,"5":4},"f":{"0":4,"1":4},"b":{},"meta":{"lastBranch":0,"lastFunction":2,"lastStatement":6,"seen":{"s:10:21:10:Infinity":0,"s:13:20:13:Infinity":1,"s:15:22:15:Infinity":2,"s:21:6:21:Infinity":3,"f:21:6:21:42":0,"s:28:13:29:Infinity":4,"f:28:13:28:22":1,"s:29:2:29:Infinity":5},"fnNames":{}}}
,"/Users/yuyin/Documents/DSH/dsh-nightcity/packages/client/ui-nightcity-offpeak/src/offpeak-settings.ts": {"path":"/Users/yuyin/Documents/DSH/dsh-nightcity/packages/client/ui-nightcity-offpeak/src/offpeak-settings.ts","statementMap":{"0":{"start":{"line":16,"column":59},"end":{"line":19,"column":null}},"1":{"start":{"line":22,"column":31},"end":{"line":22,"column":null}},"2":{"start":{"line":31,"column":42},"end":{"line":31,"column":null}},"3":{"start":{"line":34,"column":37},"end":{"line":34,"column":null}},"4":{"start":{"line":38,"column":18},"end":{"line":38,"column":null}},"5":{"start":{"line":39,"column":2},"end":{"line":39,"column":null}},"6":{"start":{"line":52,"column":18},"end":{"line":52,"column":null}},"7":{"start":{"line":53,"column":2},"end":{"line":53,"column":null}},"8":{"start":{"line":53,"column":32},"end":{"line":53,"column":93}},"9":{"start":{"line":66,"column":2},"end":{"line":66,"column":null}}},"fnMap":{"0":{"name":"beijingMinutes","decl":{"start":{"line":37,"column":16},"end":{"line":37,"column":31}},"loc":{"start":{"line":37,"column":50},"end":{"line":40,"column":null}},"line":37},"1":{"name":"activePeakWindow","decl":{"start":{"line":48,"column":16},"end":{"line":48,"column":null}},"loc":{"start":{"line":51,"column":26},"end":{"line":54,"column":null}},"line":51},"2":{"name":"(anonymous_2)","decl":{"start":{"line":53,"column":17},"end":{"line":53,"column":22}},"loc":{"start":{"line":53,"column":32},"end":{"line":53,"column":93}},"line":53},"3":{"name":"isOffPeakWindow","decl":{"start":{"line":62,"column":16},"end":{"line":62,"column":null}},"loc":{"start":{"line":65,"column":11},"end":{"line":67,"column":null}},"line":65}},"branchMap":{"0":{"loc":{"start":{"line":50,"column":2},"end":{"line":50,"column":null}},"type":"default-arg","locations":[{"start":{"line":50,"column":35},"end":{"line":50,"column":null}}],"line":50},"1":{"loc":{"start":{"line":53,"column":32},"end":{"line":53,"column":93}},"type":"binary-expr","locations":[{"start":{"line":53,"column":32},"end":{"line":53,"column":66}},{"start":{"line":53,"column":66},"end":{"line":53,"column":93}}],"line":53},"2":{"loc":{"start":{"line":64,"column":2},"end":{"line":64,"column":null}},"type":"default-arg","locations":[{"start":{"line":64,"column":35},"end":{"line":64,"column":null}}],"line":64}},"s":{"0":1,"1":1,"2":1,"3":1,"4":9,"5":9,"6":7,"7":7,"8":10,"9":2},"f":{"0":9,"1":7,"2":10,"3":2},"b":{"0":[7],"1":[10,10],"2":[2]},"meta":{"lastBranch":3,"lastFunction":4,"lastStatement":10,"seen":{"s:16:59:19:Infinity":0,"s:22:31:22:Infinity":1,"s:31:42:31:Infinity":2,"s:34:37:34:Infinity":3,"f:37:16:37:31":0,"s:38:18:38:Infinity":4,"s:39:2:39:Infinity":5,"f:48:16:48:Infinity":1,"b:50:35:50:Infinity":0,"s:52:18:52:Infinity":6,"s:53:2:53:Infinity":7,"f:53:17:53:22":2,"s:53:32:53:93":8,"b:53:32:53:66:53:66:53:93":1,"f:62:16:62:Infinity":3,"b:64:35:64:Infinity":2,"s:66:2:66:Infinity":9},"fnNames":{}}}
,"/Users/yuyin/Documents/DSH/dsh-nightcity/packages/client/ui-nightcity-offpeak/src/client/OffpeakRow.module.css": {"path":"/Users/yuyin/Documents/DSH/dsh-nightcity/packages/client/ui-nightcity-offpeak/src/client/OffpeakRow.module.css","statementMap":{},"fnMap":{},"branchMap":{},"s":{},"f":{},"b":{},"meta":{"lastBranch":0,"lastFunction":0,"lastStatement":0,"seen":{},"fnNames":{}}}
,"/Users/yuyin/Documents/DSH/dsh-nightcity/packages/client/ui-nightcity-offpeak/src/client/OffpeakRow.tsx": {"path":"/Users/yuyin/Documents/DSH/dsh-nightcity/packages/client/ui-nightcity-offpeak/src/client/OffpeakRow.tsx","statementMap":{"0":{"start":{"line":31,"column":8},"end":{"line":31,"column":null}},"1":{"start":{"line":32,"column":2},"end":{"line":32,"column":null}},"2":{"start":{"line":32,"column":26},"end":{"line":32,"column":null}},"3":{"start":{"line":33,"column":2},"end":{"line":33,"column":null}},"4":{"start":{"line":42,"column":18},"end":{"line":42,"column":null}},"5":{"start":{"line":42,"column":38},"end":{"line":42,"column":47}},"6":{"start":{"line":43,"column":2},"end":{"line":59,"column":null}},"7":{"start":{"line":52,"column":27},"end":{"line":52,"column":54}}},"fnMap":{"0":{"name":"statusKeyOf","decl":{"start":{"line":30,"column":16},"end":{"line":30,"column":28}},"loc":{"start":{"line":30,"column":70},"end":{"line":34,"column":null}},"line":30},"1":{"name":"OffpeakRow","decl":{"start":{"line":41,"column":16},"end":{"line":41,"column":27}},"loc":{"start":{"line":41,"column":65},"end":{"line":61,"column":null}},"line":41},"2":{"name":"(anonymous_2)","decl":{"start":{"line":42,"column":24},"end":{"line":42,"column":33}},"loc":{"start":{"line":42,"column":38},"end":{"line":42,"column":47}},"line":42},"3":{"name":"(anonymous_3)","decl":{"start":{"line":52,"column":10},"end":{"line":52,"column":25}},"loc":{"start":{"line":52,"column":25},"end":{"line":52,"column":null}},"line":52}},"branchMap":{"0":{"loc":{"start":{"line":30,"column":28},"end":{"line":30,"column":70}},"type":"default-arg","locations":[{"start":{"line":30,"column":40},"end":{"line":30,"column":70}}],"line":30},"1":{"loc":{"start":{"line":32,"column":2},"end":{"line":32,"column":null}},"type":"if","locations":[{"start":{"line":32,"column":2},"end":{"line":32,"column":null}},{"start":{},"end":{}}],"line":32},"2":{"loc":{"start":{"line":33,"column":9},"end":{"line":33,"column":null}},"type":"cond-expr","locations":[{"start":{"line":33,"column":39},"end":{"line":33,"column":73}},{"start":{"line":33,"column":73},"end":{"line":33,"column":null}}],"line":33},"3":{"loc":{"start":{"line":49,"column":21},"end":{"line":49,"column":null}},"type":"cond-expr","locations":[{"start":{"line":49,"column":31},"end":{"line":49,"column":59}},{"start":{"line":49,"column":59},"end":{"line":49,"column":null}}],"line":49},"4":{"loc":{"start":{"line":54,"column":11},"end":{"line":54,"column":null}},"type":"cond-expr","locations":[{"start":{"line":54,"column":21},"end":{"line":54,"column":52}},{"start":{"line":54,"column":52},"end":{"line":54,"column":null}}],"line":54},"5":{"loc":{"start":{"line":58,"column":7},"end":{"line":58,"column":null}},"type":"binary-expr","locations":[{"start":{"line":58,"column":7},"end":{"line":58,"column":18}},{"start":{"line":58,"column":18},"end":{"line":58,"column":null}}],"line":58}},"s":{"0":4,"1":4,"2":1,"3":3,"4":2,"5":2,"6":2,"7":1},"f":{"0":4,"1":2,"2":2,"3":1},"b":{"0":[4],"1":[1,3],"2":[2,1],"3":[1,1],"4":[1,1],"5":[2,1]},"meta":{"lastBranch":6,"lastFunction":4,"lastStatement":8,"seen":{"f:30:16:30:28":0,"b:30:40:30:70":0,"s:31:8:31:Infinity":0,"b:32:2:32:Infinity:undefined:undefined:undefined:undefined":1,"s:32:2:32:Infinity":1,"s:32:26:32:Infinity":2,"s:33:2:33:Infinity":3,"b:33:39:33:73:33:73:33:Infinity":2,"f:41:16:41:27":1,"s:42:18:42:Infinity":4,"f:42:24:42:33":2,"s:42:38:42:47":5,"s:43:2:59:Infinity":6,"b:49:31:49:59:49:59:49:Infinity":3,"f:52:10:52:25":3,"s:52:27:52:54":7,"b:54:21:54:52:54:52:54:Infinity":4,"b:58:7:58:18:58:18:58:Infinity":5},"fnNames":{}}}
,"/Users/yuyin/Documents/DSH/dsh-nightcity/packages/client/ui-nightcity-offpeak/src/client/index.ts": {"path":"/Users/yuyin/Documents/DSH/dsh-nightcity/packages/client/ui-nightcity-offpeak/src/client/index.ts","statementMap":{"0":{"start":{"line":21,"column":36},"end":{"line":21,"column":null}},"1":{"start":{"line":31,"column":22},"end":{"line":31,"column":null}},"2":{"start":{"line":39,"column":15},"end":{"line":39,"column":null}},"3":{"start":{"line":40,"column":2},"end":{"line":40,"column":null}},"4":{"start":{"line":40,"column":19},"end":{"line":40,"column":74}},"5":{"start":{"line":42,"column":8},"end":{"line":42,"column":null}},"6":{"start":{"line":44,"column":8},"end":{"line":47,"column":null}},"7":{"start":{"line":45,"column":21},"end":{"line":45,"column":null}},"8":{"start":{"line":46,"column":4},"end":{"line":46,"column":null}},"9":{"start":{"line":48,"column":2},"end":{"line":48,"column":null}},"10":{"start":{"line":48,"column":19},"end":{"line":48,"column":42}},"11":{"start":{"line":49,"column":2},"end":{"line":49,"column":null}},"12":{"start":{"line":50,"column":8},"end":{"line":52,"column":null}},"13":{"start":{"line":50,"column":70},"end":{"line":52,"column":null}},"14":{"start":{"line":51,"column":31},"end":{"line":51,"column":77}},"15":{"start":{"line":53,"column":2},"end":{"line":64,"column":null}},"16":{"start":{"line":53,"column":50},"end":{"line":64,"column":16}},"17":{"start":{"line":60,"column":6},"end":{"line":60,"column":null}},"18":{"start":{"line":61,"column":6},"end":{"line":61,"column":null}},"19":{"start":{"line":62,"column":6},"end":{"line":62,"column":null}}},"fnMap":{"0":{"name":"apply","decl":{"start":{"line":38,"column":16},"end":{"line":38,"column":22}},"loc":{"start":{"line":38,"column":48},"end":{"line":65,"column":null}},"line":38},"1":{"name":"(anonymous_1)","decl":{"start":{"line":40,"column":6},"end":{"line":40,"column":19}},"loc":{"start":{"line":40,"column":19},"end":{"line":40,"column":74}},"line":40},"2":{"name":"(anonymous_2)","decl":{"start":{"line":44,"column":8},"end":{"line":44,"column":28}},"loc":{"start":{"line":44,"column":28},"end":{"line":47,"column":null}},"line":44},"3":{"name":"(anonymous_3)","decl":{"start":{"line":48,"column":6},"end":{"line":48,"column":19}},"loc":{"start":{"line":48,"column":19},"end":{"line":48,"column":42}},"line":48},"4":{"name":"(anonymous_4)","decl":{"start":{"line":50,"column":8},"end":{"line":50,"column":70}},"loc":{"start":{"line":50,"column":70},"end":{"line":52,"column":null}},"line":50},"5":{"name":"(anonymous_5)","decl":{"start":{"line":51,"column":4},"end":{"line":51,"column":17}},"loc":{"start":{"line":51,"column":29},"end":{"line":51,"column":null}},"line":51},"6":{"name":"(anonymous_6)","decl":{"start":{"line":53,"column":19},"end":{"line":53,"column":50}},"loc":{"start":{"line":53,"column":50},"end":{"line":64,"column":16}},"line":53},"7":{"name":"(anonymous_7)","decl":{"start":{"line":59,"column":4},"end":{"line":59,"column":13}},"loc":{"start":{"line":59,"column":67},"end":{"line":63,"column":null}},"line":59}},"branchMap":{"0":{"loc":{"start":{"line":46,"column":52},"end":{"line":46,"column":74}},"type":"binary-expr","locations":[{"start":{"line":46,"column":52},"end":{"line":46,"column":73}},{"start":{"line":46,"column":73},"end":{"line":46,"column":74}}],"line":46}},"s":{"0":1,"1":1,"2":3,"3":3,"4":3,"5":3,"6":3,"7":4,"8":4,"9":3,"10":3,"11":3,"12":3,"13":1,"14":1,"15":3,"16":3,"17":1,"18":1,"19":1},"f":{"0":3,"1":3,"2":4,"3":3,"4":1,"5":1,"6":3,"7":1},"b":{"0":[4,0]},"meta":{"lastBranch":1,"lastFunction":8,"lastStatement":20,"seen":{"s:21:36:21:Infinity":0,"s:31:22:31:Infinity":1,"f:38:16:38:22":0,"s:39:15:39:Infinity":2,"s:40:2:40:Infinity":3,"f:40:6:40:19":1,"s:40:19:40:74":4,"s:42:8:42:Infinity":5,"s:44:8:47:Infinity":6,"f:44:8:44:28":2,"s:45:21:45:Infinity":7,"s:46:4:46:Infinity":8,"b:46:52:46:73:46:73:46:74":0,"s:48:2:48:Infinity":9,"f:48:6:48:19":3,"s:48:19:48:42":10,"s:49:2:49:Infinity":11,"s:50:8:52:Infinity":12,"f:50:8:50:70":4,"s:50:70:52:Infinity":13,"f:51:4:51:17":5,"s:51:31:51:77":14,"s:53:2:64:Infinity":15,"f:53:19:53:50":6,"s:53:50:64:16":16,"f:59:4:59:13":7,"s:60:6:60:Infinity":17,"s:61:6:61:Infinity":18,"s:62:6:62:Infinity":19},"fnNames":{}}}
,"/Users/yuyin/Documents/DSH/dsh-nightcity/packages/client/ui-nightcity-offpeak/src/client/locales.ts": {"path":"/Users/yuyin/Documents/DSH/dsh-nightcity/packages/client/ui-nightcity-offpeak/src/client/locales.ts","statementMap":{"0":{"start":{"line":12,"column":55},"end":{"line":20,"column":null}},"1":{"start":{"line":23,"column":55},"end":{"line":31,"column":null}}},"fnMap":{},"branchMap":{},"s":{"0":1,"1":1},"f":{},"b":{},"meta":{"lastBranch":0,"lastFunction":0,"lastStatement":2,"seen":{"s:12:55:20:Infinity":0,"s:23:55:31:Infinity":1},"fnNames":{}}}
,"/Users/yuyin/Documents/DSH/dsh-nightcity/packages/client/ui-nightcity-offpeak/src/client/settings-store.ts": {"path":"/Users/yuyin/Documents/DSH/dsh-nightcity/packages/client/ui-nightcity-offpeak/src/client/settings-store.ts","statementMap":{"0":{"start":{"line":26,"column":2},"end":{"line":35,"column":null}},"1":{"start":{"line":27,"column":34},"end":{"line":27,"column":null}},"2":{"start":{"line":30,"column":8},"end":{"line":30,"column":null}},"3":{"start":{"line":30,"column":36},"end":{"line":30,"column":null}},"4":{"start":{"line":31,"column":8},"end":{"line":31,"column":null}},"5":{"start":{"line":32,"column":8},"end":{"line":32,"column":null}}},"fnMap":{"0":{"name":"createOffpeakRowStore","decl":{"start":{"line":25,"column":16},"end":{"line":25,"column":95}},"loc":{"start":{"line":25,"column":95},"end":{"line":36,"column":null}},"line":25},"1":{"name":"(anonymous_1)","decl":{"start":{"line":27,"column":4},"end":{"line":27,"column":34}},"loc":{"start":{"line":27,"column":34},"end":{"line":27,"column":null}},"line":27},"2":{"name":"(anonymous_2)","decl":{"start":{"line":29,"column":6},"end":{"line":29,"column":13}},"loc":{"start":{"line":29,"column":55},"end":{"line":33,"column":null}},"line":29}},"branchMap":{"0":{"loc":{"start":{"line":30,"column":8},"end":{"line":30,"column":null}},"type":"if","locations":[{"start":{"line":30,"column":8},"end":{"line":30,"column":null}},{"start":{},"end":{}}],"line":30}},"s":{"0":5,"1":3,"2":5,"3":1,"4":4,"5":4},"f":{"0":5,"1":3,"2":5},"b":{"0":[1,4]},"meta":{"lastBranch":1,"lastFunction":3,"lastStatement":6,"seen":{"f:25:16:25:95":0,"s:26:2:35:Infinity":0,"f:27:4:27:34":1,"s:27:34:27:Infinity":1,"f:29:6:29:13":2,"b:30:8:30:Infinity:undefined:undefined:undefined:undefined":0,"s:30:8:30:Infinity":2,"s:30:36:30:Infinity":3,"s:31:8:31:Infinity":4,"s:32:8:32:Infinity":5},"fnNames":{}}}
}
